timestamp<>generation<>best_networks<>best_fitness<>time_taken (sec)<>species<>max_GIN<>
2024-10-17T08:45:31.715<>0<><><>1.084791898727417<>1<>11, ForwardConnection, 2, 5<>
2024-10-17T08:45:50.144<>1<>1<>-346442.9631361816<>8.416751146316528<>1, 2, 3, 4, 5, 6, 7, 8, 9, 10<>74, ForwardConnection, 72, 5<>
2024-10-17T08:45:54.441<>2<>4<>-322528.41744646465<>4.155302047729492<>1, 2, 3, 4, 5, 6, 7, 8, 9, 10<>124, ForwardConnection, 122, 4<>
2024-10-17T08:45:56.902<>3<>4<>-322525.918770675<>2.459959030151367<>1, 2, 3, 4, 5, 6, 7, 8, 9, 10<>187, ForwardConnection, 184, 5<>
2024-10-17T08:45:58.582<>4<>10<>-322500.28291306517<>1.6797080039978027<>1, 2, 3, 4, 5, 6, 7, 8, 9, 10<>244, BackwardConnection, 3, 72<>
2024-10-17T08:46:00.322<>5<>10<>-322497.9704635573<>1.7395529747009277<>1, 2, 3, 4, 5, 6, 7, 8, 9, 10<>287, ForwardConnection, 285, 161<>
2024-10-17T08:46:01.985<>6<>10<>-322497.9279538892<>1.6623010635375977<>1, 2, 3, 4, 5, 6, 7, 8, 9, 10<>329, ForwardConnection, 327, 4<>
2024-10-17T08:46:03.619<>7<>10<>-322497.9279538892<>1.6330890655517578<>1, 2, 3, 4, 5, 6, 7, 8, 9, 10<>390, ForwardConnection, 388, 4<>
2024-10-17T08:46:05.374<>8<>10<>-322495.0298404265<>1.7543838024139404<>1, 2, 3, 4, 5, 6, 7, 8, 9, 10<>446, ForwardConnection, 444, 5<>
2024-10-17T08:46:06.936<>9<>6<>-322485.4815004017<>1.5605239868164062<>1, 2, 3, 4, 5, 6, 7, 8, 9, 10<>490, ForwardConnection, 488, 72<>
2024-10-17T08:46:08.715<>10<>10<>-322444.9747442112<>1.7773480415344238<>1, 2, 3, 4, 5, 6, 7, 8, 9, 10<>548, ForwardConnection, 546, 5<>
2024-10-17T08:46:10.526<>11<>10<>-322444.9747442112<>1.8093881607055664<>1, 2, 3, 4, 5, 6, 7, 8, 9, 10<>598, BackwardConnection, 4, 237<>
2024-10-17T08:46:12.043<>12<>10<>-322444.9747442112<>1.516951084136963<>1, 2, 3, 4, 5, 6, 7, 8, 9, 10<>662, ForwardConnection, 660, 3<>
2024-10-17T08:46:13.800<>13<>10<>-322444.9747442112<>1.7560958862304688<>1, 2, 3, 4, 5, 6, 7, 8, 9, 10<>706, ForwardConnection, 704, 3<>
2024-10-17T08:46:15.670<>14<>10<>-322444.9747442112<>1.868671178817749<>1, 2, 3, 4, 5, 6, 7, 8, 9, 10<>752, ForwardConnection, 1, 145<>
2024-10-17T08:46:17.393<>15<>10<>-322444.9747442112<>1.722550868988037<>1, 2, 3, 4, 5, 6, 7, 8, 9, 10<>808, ForwardConnection, 806, 4<>
2024-10-17T08:46:19.012<>16<>9<>-322427.1515592864<>1.6186480522155762<>1, 2, 3, 4, 5, 6, 7, 8, 9, 10<>862, ForwardConnection, 860, 376<>
2024-10-17T08:46:20.598<>17<>9<>-322384.6672656133<>1.5840768814086914<>1, 2, 3, 4, 5, 6, 7, 8, 9, 10<>912, ForwardConnection, 910, 3<>
2024-10-17T08:46:22.301<>18<>9<>-322384.6672656133<>1.7016510963439941<>1, 2, 3, 4, 5, 6, 7, 8, 9, 10<>972, ForwardConnection, 970, 5<>
2024-10-17T08:46:24.185<>19<>9<>-322384.6672656133<>1.8822569847106934<>1, 2, 3, 4, 5, 6, 7, 8, 9, 10<>1012, ForwardConnection, 866, 3<>
2024-10-17T08:46:26.148<>20<>9<>-322383.47381580836<>1.9627330303192139<>1, 2, 3, 4, 5, 6, 7, 8, 9, 10<>1079, ForwardConnection, 1076, 5<>
2024-10-17T08:46:28.002<>21<>9<>-322383.4316738327<>1.8533658981323242<>1, 2, 3, 4, 5, 6, 7, 8, 9, 10<>1137, ForwardConnection, 1135, 4<>
2024-10-17T08:46:30.133<>22<>1<>-321991.81274657475<>2.1278600692749023<>1, 2, 3, 4, 5, 6, 7, 8, 9, 10<>1186, ForwardConnection, 1184, 59<>
2024-10-17T08:46:31.932<>23<>1<>-321293.28962844226<>1.7983548641204834<>1, 2, 3, 4, 5, 6, 7, 8, 9, 10<>1237, ForwardConnection, 1235, 205<>
2024-10-17T08:46:33.763<>24<>1<>-321111.8922267187<>1.8300020694732666<>1, 2, 3, 4, 5, 6, 7, 8, 9, 10<>1297, ForwardConnection, 1295, 736<>
2024-10-17T08:46:35.580<>25<>1<>-320698.8959121892<>1.816798210144043<>1, 2, 3, 4, 5, 6, 7, 8, 9, 10<>1349, ForwardConnection, 1270, 5<>
2024-10-17T08:46:37.561<>26<>1<>-320698.8959121892<>1.9795310497283936<>1, 2, 3, 4, 5, 6, 7, 8, 9, 10<>1399, ForwardConnection, 1397, 5<>
2024-10-17T08:46:39.532<>27<>1<>-320670.8049271226<>1.969480037689209<>1, 2, 3, 4, 5, 6, 7, 8, 9, 10<>1446, ForwardConnection, 1444, 5<>
2024-10-17T08:46:41.525<>28<>1<>-319521.07425826247<>1.9923388957977295<>1, 2, 3, 4, 5, 6, 7, 8, 9, 10<>1494, ForwardConnection, 1492, 49<>
2024-10-17T08:46:43.571<>29<>1<>-319497.35561348475<>2.045768976211548<>1, 2, 3, 4, 5, 6, 7, 8, 9, 10<>1546, ForwardConnection, 1544, 72<>
2024-10-17T08:46:45.571<>30<>1<>-318910.2081077622<>1.9994051456451416<>1, 2, 3, 4, 5, 6, 7, 8, 9, 10<>1622, ForwardConnection, 1620, 5<>
2024-10-17T08:46:47.614<>31<>1<>-318910.2081077622<>2.0416479110717773<>1, 2, 3, 4, 5, 6, 7, 8, 9, 10<>1685, ForwardConnection, 1683, 5<>
2024-10-17T08:46:49.558<>32<>1<>-318896.993238512<>1.943181037902832<>1, 2, 3, 4, 5, 6, 7, 8, 9, 10<>1738, ForwardConnection, 1736, 4<>
2024-10-17T08:46:51.538<>33<>1<>-318896.993238512<>1.9787921905517578<>1, 2, 3, 4, 5, 6, 7, 8, 9, 10<>1786, ForwardConnection, 1783, 3<>
2024-10-17T08:46:53.482<>34<>1<>-318896.83384473884<>1.9428329467773438<>1, 2, 3, 4, 5, 6, 7, 8, 9, 10<>1838, ForwardConnection, 1836, 685<>
2024-10-17T08:46:55.497<>35<>1<>-318896.83384473884<>2.013227939605713<>1, 2, 3, 4, 5, 6, 7, 8, 9, 10<>1891, ForwardConnection, 1888, 3<>
2024-10-17T08:46:57.484<>36<>1<>-318896.83384473884<>1.9860560894012451<>1, 2, 3, 4, 5, 6, 7, 8, 9, 10<>1952, ForwardConnection, 1950, 736<>
2024-10-17T08:46:59.477<>37<>5<>-318895.53077535576<>1.9916479587554932<>1, 2, 3, 4, 5, 6, 7, 8, 9, 10<>2035, ForwardConnection, 2033, 49<>
2024-10-17T08:47:01.558<>38<>5<>-318848.5724925942<>2.079379081726074<>1, 2, 3, 4, 5, 6, 7, 8, 9, 10<>2083, ForwardConnection, 2081, 72<>
2024-10-17T08:47:03.499<>39<>5<>-318848.5724925942<>1.9397799968719482<>1, 2, 3, 4, 5, 6, 7, 8, 9, 10<>2131, ForwardConnection, 2129, 3<>
2024-10-17T08:47:05.380<>40<>5<>-318848.5724925942<>1.879784107208252<>1, 2, 3, 4, 5, 6, 7, 8, 9, 10<>2203, ForwardConnection, 2201, 919<>
2024-10-17T08:47:07.371<>41<>5<>-318848.5724925942<>1.9905710220336914<>1, 2, 3, 4, 5, 6, 7, 8, 9, 10<>2247, ForwardConnection, 1753, 3<>
2024-10-17T08:47:09.562<>42<>5<>-318848.5724925942<>2.1899869441986084<>1, 2, 3, 4, 5, 6, 7, 8, 9, 10<>2293, ForwardConnection, 2291, 4<>
2024-10-17T08:47:11.140<>43<>5<>-318848.5724925942<>1.5767829418182373<>1, 2, 3, 4, 5, 6, 7, 8, 9, 10<>2350, ForwardConnection, 2348, 72<>
2024-10-17T08:47:12.694<>44<>5<>-318847.9669360751<>1.5539801120758057<>1, 2, 3, 4, 5, 6, 7, 8, 9, 10<>2406, ForwardConnection, 2404, 3<>
2024-10-17T08:47:14.359<>45<>5<>-318847.9669360751<>1.6631920337677002<>1, 2, 3, 4, 5, 6, 7, 8, 9, 10<>2466, ForwardConnection, 2464, 4<>
2024-10-17T08:47:16.294<>46<>5<>-318846.3180317373<>1.9349308013916016<>1, 2, 3, 4, 5, 6, 7, 8, 9, 10<>2507, ForwardConnection, 2505, 1232<>
2024-10-17T08:47:18.185<>47<>5<>-318827.3956706822<>1.8898561000823975<>1, 2, 3, 4, 5, 6, 7, 8, 9, 10<>2555, ForwardConnection, 2553, 4<>
2024-10-17T08:47:20.237<>48<>5<>-318827.3956706822<>2.0511019229888916<>1, 2, 3, 4, 5, 6, 7, 8, 9, 10<>2611, ForwardConnection, 2609, 3<>
2024-10-17T08:47:22.283<>49<>5<>-318827.3956706822<>2.045485019683838<>1, 2, 3, 4, 5, 6, 7, 8, 9, 10<>2663, ForwardConnection, 2418, 3<>
2024-10-17T08:47:24.254<>50<>5<>-318827.3956706822<>1.9701759815216064<>1, 2, 3, 4, 5, 6, 7, 8, 9, 10<>2736, ForwardConnection, 2267, 2638<>
2024-10-17T08:47:26.349<>51<>9<>-318816.38566110685<>2.09397292137146<>1, 2, 3, 4, 5, 6, 7, 8, 9, 10<>2779, ForwardConnection, 2777, 3<>
2024-10-17T08:47:28.386<>52<>9<>-318815.6422084906<>2.037071943283081<>1, 2, 3, 4, 5, 6, 7, 8, 9, 10<>2807, ForwardConnection, 2805, 39<>
2024-10-17T08:47:30.482<>53<>9<>-318815.54739279184<>2.094460964202881<>1, 2, 3, 4, 5, 6, 7, 8, 9, 10<>2866, ForwardConnection, 2864, 5<>
2024-10-17T08:47:32.468<>54<>9<>-318815.54739279184<>1.9852380752563477<>1, 2, 3, 4, 5, 6, 7, 8, 9, 10<>2932, ForwardConnection, 2547, 5<>
2024-10-17T08:47:34.500<>55<>9<>-318792.14815349615<>2.0317440032958984<>1, 2, 3, 4, 5, 6, 7, 8, 9, 10<>2985, ForwardConnection, 245, 2547<>
2024-10-17T08:47:36.580<>56<>9<>-318764.7548035564<>2.0793118476867676<>1, 2, 3, 4, 5, 6, 7, 8, 9, 10<>3016, ForwardConnection, 2947, 5<>
2024-10-17T08:47:38.868<>57<>9<>-318751.02729316923<>2.2870140075683594<>1, 2, 3, 4, 5, 6, 7, 8, 9, 10<>3090, ForwardConnection, 3088, 3<>
2024-10-17T08:47:41.185<>58<>9<>-318751.02729316923<>2.315491199493408<>1, 2, 3, 4, 5, 6, 7, 8, 9, 10<>3153, ForwardConnection, 3151, 3<>
2024-10-17T08:47:43.499<>59<>9<>-318751.02729316923<>2.3133251667022705<>1, 2, 3, 4, 5, 6, 7, 8, 9, 10<>3212, ForwardConnection, 3210, 5<>
2024-10-17T08:47:45.798<>60<>9<>-318750.9423995076<>2.299149990081787<>1, 2, 3, 4, 5, 6, 7, 8, 9, 10<>3267, ForwardConnection, 3265, 4<>
2024-10-17T08:47:48.145<>61<>9<>-318750.9423995076<>2.3444559574127197<>1, 2, 3, 4, 5, 6, 7, 8, 9, 10<>3322, ForwardConnection, 3320, 3<>
2024-10-17T08:47:50.677<>62<>9<>-318749.27183259773<>2.5311598777770996<>1, 2, 3, 4, 5, 6, 7, 8, 9, 10<>3379, ForwardConnection, 3377, 39<>
2024-10-17T08:47:53.216<>63<>9<>-318748.9386200692<>2.538699150085449<>1, 2, 3, 4, 5, 6, 7, 8, 9, 10<>3439, ForwardConnection, 3437, 736<>
2024-10-17T08:47:55.788<>64<>9<>-318747.28955254355<>2.571099042892456<>1, 2, 3, 4, 5, 6, 7, 8, 9, 10<>3487, ForwardConnection, 3485, 352<>
2024-10-17T08:47:58.270<>65<>9<>-318747.28955254355<>2.4817898273468018<>1, 2, 3, 4, 5, 6, 7, 8, 9, 10<>3526, ForwardConnection, 125, 2891<>
2024-10-17T08:48:00.811<>66<>9<>-318747.28955254355<>2.539292812347412<>1, 2, 3, 4, 5, 6, 7, 8, 9, 10<>3575, ForwardConnection, 3573, 2925<>
2024-10-17T08:48:03.786<>67<>9<>-318747.28955254355<>2.974886178970337<>1, 2, 3, 4, 5, 6, 7, 8, 9, 10<>3614, ForwardConnection, 3612, 3<>
2024-10-17T08:48:06.460<>68<>9<>-318747.28955254355<>2.673521041870117<>1, 2, 3, 4, 5, 6, 7, 8, 9, 10<>3664, ForwardConnection, 2, 3372<>
2024-10-17T08:48:09.273<>69<>9<>-318747.28955254355<>2.812263011932373<>1, 2, 3, 4, 5, 6, 7, 8, 9, 10<>3719, ForwardConnection, 736, 3716<>
2024-10-17T08:48:11.903<>70<>9<>-318747.28955254355<>2.6286330223083496<>1, 2, 3, 4, 5, 6, 7, 8, 9, 10<>3762, ForwardConnection, 3760, 4<>
2024-10-17T08:48:14.487<>71<>9<>-318745.6312861525<>2.5831100940704346<>1, 2, 3, 4, 5, 6, 7, 8, 9, 10<>3801, ForwardConnection, 3799, 5<>
2024-10-17T08:48:17.301<>72<>9<>-318745.6312861525<>2.8134469985961914<>1, 2, 3, 4, 5, 6, 7, 8, 9, 10<>3839, ForwardConnection, 3837, 39<>
2024-10-17T08:48:19.992<>73<>9<>-318745.6312861525<>2.69057297706604<>1, 2, 3, 4, 5, 6, 7, 8, 9, 10<>3903, ForwardConnection, 3901, 3<>
2024-10-17T08:48:22.753<>74<>9<>-318745.6312861525<>2.7595410346984863<>1, 2, 3, 4, 5, 6, 7, 8, 9, 10<>3954, ForwardConnection, 3952, 5<>
2024-10-17T08:48:25.454<>75<>9<>-318745.63128544204<>2.700237989425659<>1, 2, 3, 4, 5, 6, 7, 8, 9, 10<>4017, ForwardConnection, 4015, 273<>
2024-10-17T08:48:28.110<>76<>9<>-318745.63128544204<>2.6556649208068848<>1, 2, 3, 4, 5, 6, 7, 8, 9, 10<>4055, ForwardConnection, 4053, 4<>
2024-10-17T08:48:30.875<>77<>9<>-318745.62761005835<>2.763674020767212<>1, 2, 3, 4, 5, 6, 7, 8, 9, 10<>4117, ForwardConnection, 4115, 59<>
2024-10-17T08:48:33.572<>78<>9<>-318744.40030615835<>2.696913003921509<>1, 2, 3, 4, 5, 6, 7, 8, 9, 10<>4172, ForwardConnection, 4170, 5<>
2024-10-17T08:48:36.795<>79<>9<>-318744.40030615835<>3.221681833267212<>1, 2, 3, 4, 5, 6, 7, 8, 9, 10<>4224, ForwardConnection, 4222, 2925<>
2024-10-17T08:48:39.144<>80<>9<>-318744.40030615835<>2.3480148315429688<>1, 2, 3, 4, 5, 6, 7, 8, 9, 10<>4269, ForwardConnection, 4267, 5<>
2024-10-17T08:48:41.556<>81<>9<>-318744.40030615835<>2.4112679958343506<>1, 2, 3, 4, 5, 6, 7, 8, 9, 10<>4317, ForwardConnection, 4315, 1415<>
2024-10-17T08:48:43.979<>82<>9<>-318744.40030615835<>2.42274808883667<>1, 2, 3, 4, 5, 6, 7, 8, 9, 10<>4374, ForwardConnection, 4315, 4<>
2024-10-17T08:48:46.463<>83<>9<>-318744.40030615835<>2.4829680919647217<>1, 2, 3, 4, 5, 6, 7, 8, 9, 10<>4433, ForwardConnection, 4431, 1232<>
2024-10-17T08:48:48.902<>84<>9<>-318744.40030615835<>2.4379611015319824<>1, 2, 3, 4, 5, 6, 7, 8, 9, 10<>4471, ForwardConnection, 4469, 5<>
2024-10-17T08:48:51.448<>85<>9<>-318744.40030615835<>2.5449910163879395<>1, 2, 3, 4, 5, 6, 7, 8, 9, 10<>4520, ForwardConnection, 4518, 4<>
2024-10-17T08:48:53.946<>86<>9<>-318744.40030615835<>2.497298002243042<>1, 2, 3, 4, 5, 6, 7, 8, 9, 10<>4570, ForwardConnection, 4568, 3565<>
2024-10-17T08:48:56.634<>87<>9<>-318744.40030615835<>2.687429904937744<>1, 2, 3, 4, 5, 6, 7, 8, 9, 10<>4629, ForwardConnection, 1, 4037<>
2024-10-17T08:48:59.205<>88<>9<>-318744.29347552685<>2.57020902633667<>1, 2, 3, 4, 5, 6, 7, 8, 9, 10<>4699, ForwardConnection, 4697, 4<>
2024-10-17T08:49:01.696<>89<>9<>-318744.29347552685<>2.4894449710845947<>1, 2, 3, 4, 5, 6, 7, 8, 9, 10<>4767, ForwardConnection, 4765, 4<>
2024-10-17T08:49:04.458<>90<>9<>-318741.9860126584<>2.762068033218384<>1, 2, 3, 4, 5, 6, 7, 8, 9, 10<>4818, ForwardConnection, 4816, 4<>
2024-10-17T08:49:07.107<>91<>9<>-318741.9860126584<>2.6484601497650146<>1, 2, 3, 4, 5, 6, 7, 8, 9, 10<>4886, ForwardConnection, 4884, 5<>
2024-10-17T08:49:09.891<>92<>9<>-318741.9860126584<>2.7817838191986084<>1, 2, 3, 4, 5, 6, 7, 8, 9, 10<>4945, ForwardConnection, 4037, 3<>
2024-10-17T08:49:12.758<>93<>9<>-318741.9860126584<>2.866886854171753<>1, 2, 3, 4, 5, 6, 7, 8, 9, 10<>4977, ForwardConnection, 4975, 3<>
2024-10-17T08:49:15.401<>94<>9<>-318741.2698005409<>2.641787052154541<>1, 2, 3, 4, 5, 6, 7, 8, 9, 10<>5042, ForwardConnection, 4616, 2267<>
2024-10-17T08:49:18.198<>95<>9<>-318741.2698005409<>2.7963690757751465<>1, 2, 3, 4, 5, 6, 7, 8, 9, 10<>5093, ForwardConnection, 5091, 4668<>
2024-10-17T08:49:21.259<>96<>9<>-318741.1286529999<>3.059540033340454<>1, 2, 3, 4, 5, 6, 7, 8, 9, 10<>5141, ForwardConnection, 4616, 2909<>
2024-10-17T08:49:24.226<>97<>9<>-318738.91814525955<>2.9669899940490723<>1, 2, 3, 4, 5, 6, 7, 8, 9, 10<>5181, BackwardConnection, 5094, 2377<>
2024-10-17T08:49:27.081<>98<>9<>-318738.91814525955<>2.8540549278259277<>1, 2, 3, 4, 5, 6, 7, 8, 9, 10<>5213, ForwardConnection, 1753, 5155<>
